Using pre-set license
Built from '2020.3/staging' branch; Version is '2020.3.11f1 (99c7afb366b3) revision 10078127'; Using compiler version '192528614'; Build Type 'Release'
OS: 'Windows 10 Pro; OS build 17134.648; Version 1803; 64bit' Language: 'en' Physical Memory: 8139 MB
BatchMode: 1, IsHumanControllingUs: 0, StartBugReporterOnCrash: 0, Is64bit: 1, IsPro: 0

 COMMAND LINE ARGUMENTS:
C:\Program Files\Unity\Hub\Editor\2020.3.11f1\Editor\Unity.exe
-adb2
-batchMode
-noUpm
-name
AssetImportWorker0
-projectPath
D:/3D + game development/game development/github/Data Persistence/Data-Persistence
-logFile
Logs/AssetImportWorker0.log
-srvPort
63468
Successfully changed project path to: D:/3D + game development/game development/github/Data Persistence/Data-Persistence
D:/3D + game development/game development/github/Data Persistence/Data-Persistence
Using Asset Import Pipeline V2.
Refreshing native plugins compatible for Editor in 100.20 ms, found 2 plugins.
Preloading 0 native plugins for Editor in 0.00 ms.
Initialize engine version: 2020.3.11f1 (99c7afb366b3)
[Subsystems] Discovering subsystems at path C:/Program Files/Unity/Hub/Editor/2020.3.11f1/Editor/Data/Resources/UnitySubsystems
[Subsystems] Discovering subsystems at path D:/3D + game development/game development/github/Data Persistence/Data-Persistence/Assets
GfxDevice: creating device client; threaded=0
Direct3D:
    Version:  Direct3D 11.0 [level 10.1]
    Renderer: Intel(R) HD Graphics 3000 (ID=0x116)
    Vendor:   
    VRAM:     128 MB
    Driver:   9.17.10.4229
Shader 'Universal Render Pipeline/Particles/Lit': fallback shader 'Universal Render Pipeline/Particles/SimpleLit' not found
Initialize mono
Mono path[0] = 'C:/Program Files/Unity/Hub/Editor/2020.3.11f1/Editor/Data/Managed'
Mono path[1] = 'C:/Program Files/Unity/Hub/Editor/2020.3.11f1/Editor/Data/MonoBleedingEdge/lib/mono/unityjit'
Mono config path = 'C:/Program Files/Unity/Hub/Editor/2020.3.11f1/Editor/Data/MonoBleedingEdge/etc'
Using monoOptions --debugger-agent=transport=dt_socket,embedding=1,server=y,suspend=n,address=127.0.0.1:56088
Begin MonoManager ReloadAssembly
Registering precompiled unity dll's ...
Register platform support module: C:/Program Files/Unity/Hub/Editor/2020.3.11f1/Editor/Data/PlaybackEngines/WebGLSupport/UnityEditor.WebGL.Extensions.dll
Register platform support module: C:/Program Files/Unity/Hub/Editor/2020.3.11f1/Editor/Data/PlaybackEngines/WindowsStandaloneSupport/UnityEditor.WindowsStandalone.Extensions.dll
Registered in 0.003228 seconds.
Native extension for WindowsStandalone target not found
Native extension for WebGL target not found
Refreshing native plugins compatible for Editor in 87.72 ms, found 2 plugins.
Preloading 0 native plugins for Editor in 0.00 ms.
Mono: successfully reloaded assembly
- Completed reload, in  3.386 seconds
Platform modules already initialized, skipping
Registering precompiled user dll's ...
Registered in 0.005539 seconds.
Begin MonoManager ReloadAssembly
Native extension for WindowsStandalone target not found
Native extension for WebGL target not found
Refreshing native plugins compatible for Editor in 142.42 ms, found 2 plugins.
Preloading 0 native plugins for Editor in 0.00 ms.
Mono: successfully reloaded assembly
- Completed reload, in  2.488 seconds
Platform modules already initialized, skipping
========================================================================
Worker process is ready to serve import requests
Shader 'Universal Render Pipeline/Particles/Lit': fallback shader 'Universal Render Pipeline/Particles/SimpleLit' not found
Launched and connected shader compiler UnityShaderCompiler.exe after 0.05 seconds
Refreshing native plugins compatible for Editor in 1.78 ms, found 2 plugins.
Preloading 0 native plugins for Editor in 0.00 ms.
Unloading 2709 Unused Serialized files (Serialized files now loaded: 0)
System memory in use before: 124.4 MB.
System memory in use after: 124.6 MB.

Unloading 19 unused Assets to reduce memory usage. Loaded Objects now: 3142.
Total: 11.346254 ms (FindLiveObjects: 0.645247 ms CreateObjectMapping: 0.767959 ms MarkObjects: 9.784008 ms  DeleteObjects: 0.145917 ms)

========================================================================
Received Import Request.
  path: Assets/Scenes/start.unity
  artifactKey: Guid(5178c4d0b13a16f418b0b01cf5aa7707) Importer(815301076,1909f56bfc062723c751e8b465ee728b)
Start importing Assets/Scenes/start.unity using Guid(5178c4d0b13a16f418b0b01cf5aa7707) Importer(815301076,1909f56bfc062723c751e8b465ee728b)  -> (artifact id: '9566959d47860f2f92665e45d2ab3147') in 0.064918 seconds
  Import took 0.109611 seconds .

========================================================================
Received Prepare
Registering precompiled user dll's ...
Registered in 0.005683 seconds.
Begin MonoManager ReloadAssembly
Native extension for WindowsStandalone target not found
Native extension for WebGL target not found
Refreshing native plugins compatible for Editor in 0.97 ms, found 2 plugins.
Preloading 0 native plugins for Editor in 0.00 ms.
Mono: successfully reloaded assembly
- Completed reload, in  1.673 seconds
Platform modules already initialized, skipping
Shader 'Universal Render Pipeline/Particles/Lit': fallback shader 'Universal Render Pipeline/Particles/SimpleLit' not found
Refreshing native plugins compatible for Editor in 0.84 ms, found 2 plugins.
Preloading 0 native plugins for Editor in 0.00 ms.
Unloading 2587 Unused Serialized files (Serialized files now loaded: 0)
System memory in use before: 116.0 MB.
System memory in use after: 116.2 MB.

Unloading 14 unused Assets to reduce memory usage. Loaded Objects now: 3145.
Total: 3.853630 ms (FindLiveObjects: 0.327978 ms CreateObjectMapping: 0.136546 ms MarkObjects: 3.352961 ms  DeleteObjects: 0.034360 ms)

========================================================================
Received Import Request.
  Time since last request: 278.958758 seconds.
  path: Assets/Scripts/GameManager.cs
  artifactKey: Guid(2674afd7edb7bd6459e1387fbb1a94d8) Importer(815301076,1909f56bfc062723c751e8b465ee728b)
Start importing Assets/Scripts/GameManager.cs using Guid(2674afd7edb7bd6459e1387fbb1a94d8) Importer(815301076,1909f56bfc062723c751e8b465ee728b)  -> (artifact id: 'c801e066a3c4f1be7867c01f8fafedad') in 0.038703 seconds
  Import took 0.044653 seconds .

========================================================================
Received Import Request.
  Time since last request: 0.018821 seconds.
  path: Assets/Scripts/GameManager.cs
  artifactKey: Guid(2674afd7edb7bd6459e1387fbb1a94d8) Importer(815301076,1909f56bfc062723c751e8b465ee728b)
Start importing Assets/Scripts/GameManager.cs using Guid(2674afd7edb7bd6459e1387fbb1a94d8) Importer(815301076,1909f56bfc062723c751e8b465ee728b)  -> (artifact id: 'c801e066a3c4f1be7867c01f8fafedad') in 0.003557 seconds
  Import took 0.011676 seconds .

========================================================================
Received Prepare
Registering precompiled user dll's ...
Registered in 0.009958 seconds.
Begin MonoManager ReloadAssembly
Native extension for WindowsStandalone target not found
Native extension for WebGL target not found
Refreshing native plugins compatible for Editor in 1.22 ms, found 2 plugins.
Preloading 0 native plugins for Editor in 0.00 ms.
Mono: successfully reloaded assembly
- Completed reload, in  2.308 seconds
Platform modules already initialized, skipping
Shader 'Universal Render Pipeline/Particles/Lit': fallback shader 'Universal Render Pipeline/Particles/SimpleLit' not found
Refreshing native plugins compatible for Editor in 1.06 ms, found 2 plugins.
Preloading 0 native plugins for Editor in 0.00 ms.
Unloading 2587 Unused Serialized files (Serialized files now loaded: 0)
System memory in use before: 116.0 MB.
System memory in use after: 116.3 MB.

Unloading 14 unused Assets to reduce memory usage. Loaded Objects now: 3148.
Total: 6.215071 ms (FindLiveObjects: 0.703702 ms CreateObjectMapping: 0.312360 ms MarkObjects: 5.140999 ms  DeleteObjects: 0.055332 ms)

========================================================================
Received Prepare
Registering precompiled user dll's ...
Registered in 0.005524 seconds.
Begin MonoManager ReloadAssembly
Native extension for WindowsStandalone target not found
Native extension for WebGL target not found
Refreshing native plugins compatible for Editor in 0.89 ms, found 2 plugins.
Preloading 0 native plugins for Editor in 0.00 ms.
Mono: successfully reloaded assembly
- Completed reload, in  1.898 seconds
Platform modules already initialized, skipping
Shader 'Universal Render Pipeline/Particles/Lit': fallback shader 'Universal Render Pipeline/Particles/SimpleLit' not found
Refreshing native plugins compatible for Editor in 0.85 ms, found 2 plugins.
Preloading 0 native plugins for Editor in 0.00 ms.
Unloading 2587 Unused Serialized files (Serialized files now loaded: 0)
System memory in use before: 116.1 MB.
System memory in use after: 116.3 MB.

Unloading 14 unused Assets to reduce memory usage. Loaded Objects now: 3151.
Total: 3.991961 ms (FindLiveObjects: 0.314145 ms CreateObjectMapping: 0.156180 ms MarkObjects: 3.474782 ms  DeleteObjects: 0.044177 ms)

========================================================================
Received Import Request.
  Time since last request: 1236.121622 seconds.
  path: Assets/Scripts/GameManager.cs
  artifactKey: Guid(2674afd7edb7bd6459e1387fbb1a94d8) Importer(815301076,1909f56bfc062723c751e8b465ee728b)
Start importing Assets/Scripts/GameManager.cs using Guid(2674afd7edb7bd6459e1387fbb1a94d8) Importer(815301076,1909f56bfc062723c751e8b465ee728b)  -> (artifact id: '67d736072709ae599ecedcf5ae60a538') in 0.009782 seconds
  Import took 0.047220 seconds .

========================================================================
Received Prepare
Registering precompiled user dll's ...
Registered in 0.005682 seconds.
Begin MonoManager ReloadAssembly
Native extension for WindowsStandalone target not found
Native extension for WebGL target not found
Refreshing native plugins compatible for Editor in 0.88 ms, found 2 plugins.
Preloading 0 native plugins for Editor in 0.00 ms.
Mono: successfully reloaded assembly
- Completed reload, in  1.868 seconds
Platform modules already initialized, skipping
Shader 'Universal Render Pipeline/Particles/Lit': fallback shader 'Universal Render Pipeline/Particles/SimpleLit' not found
Refreshing native plugins compatible for Editor in 1.32 ms, found 2 plugins.
Preloading 0 native plugins for Editor in 0.00 ms.
Unloading 2587 Unused Serialized files (Serialized files now loaded: 0)
System memory in use before: 116.1 MB.
System memory in use after: 116.3 MB.

Unloading 14 unused Assets to reduce memory usage. Loaded Objects now: 3154.
Total: 5.882185 ms (FindLiveObjects: 0.601516 ms CreateObjectMapping: 0.202588 ms MarkObjects: 5.028103 ms  DeleteObjects: 0.047300 ms)

========================================================================
Received Import Request.
  Time since last request: 196.267877 seconds.
  path: Assets/Scripts/GameManager.cs
  artifactKey: Guid(2674afd7edb7bd6459e1387fbb1a94d8) Importer(815301076,1909f56bfc062723c751e8b465ee728b)
Start importing Assets/Scripts/GameManager.cs using Guid(2674afd7edb7bd6459e1387fbb1a94d8) Importer(815301076,1909f56bfc062723c751e8b465ee728b)  -> (artifact id: '99cbf7be7fd7e983f7f16af2b72fa9fb') in 0.030436 seconds
  Import took 0.040248 seconds .

========================================================================
Received Import Request.
  Time since last request: 2.993756 seconds.
  path: Assets/Scripts/GameManager.cs
  artifactKey: Guid(2674afd7edb7bd6459e1387fbb1a94d8) Importer(815301076,1909f56bfc062723c751e8b465ee728b)
Start importing Assets/Scripts/GameManager.cs using Guid(2674afd7edb7bd6459e1387fbb1a94d8) Importer(815301076,1909f56bfc062723c751e8b465ee728b)  -> (artifact id: '99cbf7be7fd7e983f7f16af2b72fa9fb') in 0.006909 seconds
  Import took 0.015362 seconds .

========================================================================
Received Prepare
Registering precompiled user dll's ...
Registered in 0.006330 seconds.
Begin MonoManager ReloadAssembly
Native extension for WindowsStandalone target not found
Native extension for WebGL target not found
Refreshing native plugins compatible for Editor in 0.98 ms, found 2 plugins.
Preloading 0 native plugins for Editor in 0.00 ms.
Mono: successfully reloaded assembly
- Completed reload, in  1.889 seconds
Platform modules already initialized, skipping
Shader 'Universal Render Pipeline/Particles/Lit': fallback shader 'Universal Render Pipeline/Particles/SimpleLit' not found
Refreshing native plugins compatible for Editor in 1.01 ms, found 2 plugins.
Preloading 0 native plugins for Editor in 0.00 ms.
Unloading 2587 Unused Serialized files (Serialized files now loaded: 0)
System memory in use before: 116.2 MB.
System memory in use after: 116.4 MB.

Unloading 14 unused Assets to reduce memory usage. Loaded Objects now: 3157.
Total: 3.766615 ms (FindLiveObjects: 0.320838 ms CreateObjectMapping: 0.151718 ms MarkObjects: 3.251668 ms  DeleteObjects: 0.040161 ms)

========================================================================
Received Import Request.
  Time since last request: 148.811090 seconds.
  path: Assets/Scripts/GameManager.cs
  artifactKey: Guid(2674afd7edb7bd6459e1387fbb1a94d8) Importer(815301076,1909f56bfc062723c751e8b465ee728b)
Start importing Assets/Scripts/GameManager.cs using Guid(2674afd7edb7bd6459e1387fbb1a94d8) Importer(815301076,1909f56bfc062723c751e8b465ee728b)  -> (artifact id: '3ff489894b2e5390f515cbeb39da28b7') in 0.011221 seconds
  Import took 0.042104 seconds .

========================================================================
Received Import Request.
  Time since last request: 2.773451 seconds.
  path: Assets/Scripts/GameManager.cs
  artifactKey: Guid(2674afd7edb7bd6459e1387fbb1a94d8) Importer(815301076,1909f56bfc062723c751e8b465ee728b)
Start importing Assets/Scripts/GameManager.cs using Guid(2674afd7edb7bd6459e1387fbb1a94d8) Importer(815301076,1909f56bfc062723c751e8b465ee728b)  -> (artifact id: '3ff489894b2e5390f515cbeb39da28b7') in 0.007164 seconds
  Import took 0.016460 seconds .

========================================================================
Received Prepare
Registering precompiled user dll's ...
Registered in 0.005791 seconds.
Begin MonoManager ReloadAssembly
Native extension for WindowsStandalone target not found
Native extension for WebGL target not found
Refreshing native plugins compatible for Editor in 1.20 ms, found 2 plugins.
Preloading 0 native plugins for Editor in 0.00 ms.
Mono: successfully reloaded assembly
- Completed reload, in  2.460 seconds
Platform modules already initialized, skipping
Shader 'Universal Render Pipeline/Particles/Lit': fallback shader 'Universal Render Pipeline/Particles/SimpleLit' not found
Refreshing native plugins compatible for Editor in 0.82 ms, found 2 plugins.
Preloading 0 native plugins for Editor in 0.00 ms.
Unloading 2587 Unused Serialized files (Serialized files now loaded: 0)
System memory in use before: 116.2 MB.
System memory in use after: 116.4 MB.

Unloading 14 unused Assets to reduce memory usage. Loaded Objects now: 3160.
Total: 3.951800 ms (FindLiveObjects: 0.327086 ms CreateObjectMapping: 0.137885 ms MarkObjects: 3.448454 ms  DeleteObjects: 0.036591 ms)

========================================================================
Received Prepare
Registering precompiled user dll's ...
Registered in 0.005039 seconds.
Begin MonoManager ReloadAssembly
Native extension for WindowsStandalone target not found
Native extension for WebGL target not found
Refreshing native plugins compatible for Editor in 0.88 ms, found 2 plugins.
Preloading 0 native plugins for Editor in 0.00 ms.
Mono: successfully reloaded assembly
- Completed reload, in  1.776 seconds
Platform modules already initialized, skipping
Shader 'Universal Render Pipeline/Particles/Lit': fallback shader 'Universal Render Pipeline/Particles/SimpleLit' not found
Refreshing native plugins compatible for Editor in 0.92 ms, found 2 plugins.
Preloading 0 native plugins for Editor in 0.00 ms.
Unloading 2587 Unused Serialized files (Serialized files now loaded: 0)
System memory in use before: 116.2 MB.
System memory in use after: 116.4 MB.

Unloading 14 unused Assets to reduce memory usage. Loaded Objects now: 3163.
Total: 4.045062 ms (FindLiveObjects: 0.399821 ms CreateObjectMapping: 0.158411 ms MarkObjects: 3.443100 ms  DeleteObjects: 0.041053 ms)

========================================================================
Received Prepare
Registering precompiled user dll's ...
Registered in 0.007585 seconds.
Begin MonoManager ReloadAssembly
Native extension for WindowsStandalone target not found
Native extension for WebGL target not found
Refreshing native plugins compatible for Editor in 0.84 ms, found 2 plugins.
Preloading 0 native plugins for Editor in 0.00 ms.
Mono: successfully reloaded assembly
- Completed reload, in  1.855 seconds
Platform modules already initialized, skipping
Shader 'Universal Render Pipeline/Particles/Lit': fallback shader 'Universal Render Pipeline/Particles/SimpleLit' not found
Refreshing native plugins compatible for Editor in 0.88 ms, found 2 plugins.
Preloading 0 native plugins for Editor in 0.00 ms.
Unloading 2587 Unused Serialized files (Serialized files now loaded: 0)
System memory in use before: 116.2 MB.
System memory in use after: 116.4 MB.

Unloading 14 unused Assets to reduce memory usage. Loaded Objects now: 3166.
Total: 5.106193 ms (FindLiveObjects: 0.557339 ms CreateObjectMapping: 0.179830 ms MarkObjects: 4.327971 ms  DeleteObjects: 0.038376 ms)

========================================================================
Received Import Request.
  Time since last request: 2239.376097 seconds.
  path: Assets/Scripts/GameManager.cs
  artifactKey: Guid(2674afd7edb7bd6459e1387fbb1a94d8) Importer(815301076,1909f56bfc062723c751e8b465ee728b)
Start importing Assets/Scripts/GameManager.cs using Guid(2674afd7edb7bd6459e1387fbb1a94d8) Importer(815301076,1909f56bfc062723c751e8b465ee728b)  -> (artifact id: 'f70bba3095a90e20671a64ff342a6dc9') in 0.011315 seconds
  Import took 0.049805 seconds .

========================================================================
Received Import Request.
  Time since last request: 3.456961 seconds.
  path: Assets/Scripts/GameManager.cs
  artifactKey: Guid(2674afd7edb7bd6459e1387fbb1a94d8) Importer(815301076,1909f56bfc062723c751e8b465ee728b)
Start importing Assets/Scripts/GameManager.cs using Guid(2674afd7edb7bd6459e1387fbb1a94d8) Importer(815301076,1909f56bfc062723c751e8b465ee728b)  -> (artifact id: 'f70bba3095a90e20671a64ff342a6dc9') in 0.021044 seconds
  Import took 0.032731 seconds .

========================================================================
Received Prepare
Registering precompiled user dll's ...
Registered in 0.007523 seconds.
Begin MonoManager ReloadAssembly
Native extension for WindowsStandalone target not found
Native extension for WebGL target not found
Refreshing native plugins compatible for Editor in 1.29 ms, found 2 plugins.
Preloading 0 native plugins for Editor in 0.00 ms.
Mono: successfully reloaded assembly
- Completed reload, in  1.844 seconds
Platform modules already initialized, skipping
Shader 'Universal Render Pipeline/Particles/Lit': fallback shader 'Universal Render Pipeline/Particles/SimpleLit' not found
Refreshing native plugins compatible for Editor in 0.87 ms, found 2 plugins.
Preloading 0 native plugins for Editor in 0.00 ms.
Unloading 2587 Unused Serialized files (Serialized files now loaded: 0)
System memory in use before: 116.2 MB.
System memory in use after: 116.4 MB.

Unloading 14 unused Assets to reduce memory usage. Loaded Objects now: 3169.
Total: 5.167773 ms (FindLiveObjects: 0.317269 ms CreateObjectMapping: 0.145471 ms MarkObjects: 4.673352 ms  DeleteObjects: 0.029451 ms)

========================================================================
Received Import Request.
  Time since last request: 55.327094 seconds.
  path: Assets/Scripts/GameManager.cs
  artifactKey: Guid(2674afd7edb7bd6459e1387fbb1a94d8) Importer(815301076,1909f56bfc062723c751e8b465ee728b)
Start importing Assets/Scripts/GameManager.cs using Guid(2674afd7edb7bd6459e1387fbb1a94d8) Importer(815301076,1909f56bfc062723c751e8b465ee728b)  -> (artifact id: '01e303f5e7e5cdea5cf21ba4f20d2484') in 0.011929 seconds
  Import took 0.049417 seconds .

========================================================================
Received Import Request.
  Time since last request: 2.455948 seconds.
  path: Assets/Scripts/GameManager.cs
  artifactKey: Guid(2674afd7edb7bd6459e1387fbb1a94d8) Importer(815301076,1909f56bfc062723c751e8b465ee728b)
Start importing Assets/Scripts/GameManager.cs using Guid(2674afd7edb7bd6459e1387fbb1a94d8) Importer(815301076,1909f56bfc062723c751e8b465ee728b)  -> (artifact id: '01e303f5e7e5cdea5cf21ba4f20d2484') in 0.007074 seconds
  Import took 0.014061 seconds .

========================================================================
Received Prepare
Registering precompiled user dll's ...
Registered in 0.006735 seconds.
Begin MonoManager ReloadAssembly
Native extension for WindowsStandalone target not found
Native extension for WebGL target not found
Refreshing native plugins compatible for Editor in 0.88 ms, found 2 plugins.
Preloading 0 native plugins for Editor in 0.00 ms.
Mono: successfully reloaded assembly
- Completed reload, in  1.813 seconds
Platform modules already initialized, skipping
Shader 'Universal Render Pipeline/Particles/Lit': fallback shader 'Universal Render Pipeline/Particles/SimpleLit' not found
Refreshing native plugins compatible for Editor in 0.89 ms, found 2 plugins.
Preloading 0 native plugins for Editor in 0.00 ms.
Unloading 2587 Unused Serialized files (Serialized files now loaded: 0)
System memory in use before: 116.2 MB.
System memory in use after: 116.4 MB.

Unloading 14 unused Assets to reduce memory usage. Loaded Objects now: 3172.
Total: 5.765273 ms (FindLiveObjects: 0.591253 ms CreateObjectMapping: 0.259259 ms MarkObjects: 4.873708 ms  DeleteObjects: 0.038822 ms)

========================================================================
Received Import Request.
  Time since last request: 260.910564 seconds.
  path: Assets/Scripts/GameManager.cs
  artifactKey: Guid(2674afd7edb7bd6459e1387fbb1a94d8) Importer(815301076,1909f56bfc062723c751e8b465ee728b)
Start importing Assets/Scripts/GameManager.cs using Guid(2674afd7edb7bd6459e1387fbb1a94d8) Importer(815301076,1909f56bfc062723c751e8b465ee728b)  -> (artifact id: 'f9b9795d60f7e09846408cf677f85917') in 0.011264 seconds
  Import took 0.053194 seconds .

========================================================================
Received Import Request.
  Time since last request: 2.423815 seconds.
  path: Assets/Scripts/GameManager.cs
  artifactKey: Guid(2674afd7edb7bd6459e1387fbb1a94d8) Importer(815301076,1909f56bfc062723c751e8b465ee728b)
Start importing Assets/Scripts/GameManager.cs using Guid(2674afd7edb7bd6459e1387fbb1a94d8) Importer(815301076,1909f56bfc062723c751e8b465ee728b)  -> (artifact id: 'f9b9795d60f7e09846408cf677f85917') in 0.006830 seconds
  Import took 0.012881 seconds .

========================================================================
Received Prepare
Registering precompiled user dll's ...
Registered in 0.005459 seconds.
Begin MonoManager ReloadAssembly
Native extension for WindowsStandalone target not found
Native extension for WebGL target not found
Refreshing native plugins compatible for Editor in 0.96 ms, found 2 plugins.
Preloading 0 native plugins for Editor in 0.00 ms.
Mono: successfully reloaded assembly
- Completed reload, in  1.745 seconds
Platform modules already initialized, skipping
Shader 'Universal Render Pipeline/Particles/Lit': fallback shader 'Universal Render Pipeline/Particles/SimpleLit' not found
Refreshing native plugins compatible for Editor in 0.89 ms, found 2 plugins.
Preloading 0 native plugins for Editor in 0.00 ms.
Unloading 2587 Unused Serialized files (Serialized files now loaded: 0)
System memory in use before: 116.2 MB.
System memory in use after: 116.5 MB.

Unloading 14 unused Assets to reduce memory usage. Loaded Objects now: 3175.
Total: 3.847829 ms (FindLiveObjects: 0.325747 ms CreateObjectMapping: 0.137885 ms MarkObjects: 3.335559 ms  DeleteObjects: 0.045962 ms)

========================================================================
Received Prepare
Registering precompiled user dll's ...
Registered in 0.007602 seconds.
Begin MonoManager ReloadAssembly
Native extension for WindowsStandalone target not found
Native extension for WebGL target not found
Refreshing native plugins compatible for Editor in 0.93 ms, found 2 plugins.
Preloading 0 native plugins for Editor in 0.00 ms.
Mono: successfully reloaded assembly
- Completed reload, in  1.884 seconds
Platform modules already initialized, skipping
Shader 'Universal Render Pipeline/Particles/Lit': fallback shader 'Universal Render Pipeline/Particles/SimpleLit' not found
Refreshing native plugins compatible for Editor in 1.24 ms, found 2 plugins.
Preloading 0 native plugins for Editor in 0.00 ms.
Unloading 2587 Unused Serialized files (Serialized files now loaded: 0)
System memory in use before: 116.2 MB.
System memory in use after: 116.5 MB.

Unloading 14 unused Assets to reduce memory usage. Loaded Objects now: 3178.
Total: 5.188300 ms (FindLiveObjects: 0.340472 ms CreateObjectMapping: 0.145024 ms MarkObjects: 4.667997 ms  DeleteObjects: 0.033021 ms)

========================================================================
Received Import Request.
  Time since last request: 137.381700 seconds.
  path: Assets/Scripts/GameManager.cs
  artifactKey: Guid(2674afd7edb7bd6459e1387fbb1a94d8) Importer(815301076,1909f56bfc062723c751e8b465ee728b)
Start importing Assets/Scripts/GameManager.cs using Guid(2674afd7edb7bd6459e1387fbb1a94d8) Importer(815301076,1909f56bfc062723c751e8b465ee728b)  -> (artifact id: '98d71b7bc99dbe0e5374c43b0dd93228') in 0.010878 seconds
  Import took 0.017272 seconds .

========================================================================
Received Import Request.
  Time since last request: 2.726303 seconds.
  path: Assets/Scripts/GameManager.cs
  artifactKey: Guid(2674afd7edb7bd6459e1387fbb1a94d8) Importer(815301076,1909f56bfc062723c751e8b465ee728b)
Start importing Assets/Scripts/GameManager.cs using Guid(2674afd7edb7bd6459e1387fbb1a94d8) Importer(815301076,1909f56bfc062723c751e8b465ee728b)  -> (artifact id: '98d71b7bc99dbe0e5374c43b0dd93228') in 0.006827 seconds
  Import took 0.014286 seconds .

========================================================================
Received Prepare
Registering precompiled user dll's ...
Registered in 0.014234 seconds.
Begin MonoManager ReloadAssembly
Native extension for WindowsStandalone target not found
Native extension for WebGL target not found
Refreshing native plugins compatible for Editor in 1.66 ms, found 2 plugins.
Preloading 0 native plugins for Editor in 0.00 ms.
Mono: successfully reloaded assembly
- Completed reload, in  3.640 seconds
Platform modules already initialized, skipping
Shader 'Universal Render Pipeline/Particles/Lit': fallback shader 'Universal Render Pipeline/Particles/SimpleLit' not found
Refreshing native plugins compatible for Editor in 2.15 ms, found 2 plugins.
Preloading 0 native plugins for Editor in 0.00 ms.
Unloading 2587 Unused Serialized files (Serialized files now loaded: 0)
System memory in use before: 116.2 MB.
System memory in use after: 116.5 MB.

Unloading 14 unused Assets to reduce memory usage. Loaded Objects now: 3181.
Total: 8.507794 ms (FindLiveObjects: 0.752341 ms CreateObjectMapping: 0.446229 ms MarkObjects: 7.191866 ms  DeleteObjects: 0.111111 ms)

========================================================================
Received Prepare
Registering precompiled user dll's ...
Registered in 0.009015 seconds.
Begin MonoManager ReloadAssembly
Native extension for WindowsStandalone target not found
Native extension for WebGL target not found
Refreshing native plugins compatible for Editor in 1.00 ms, found 2 plugins.
Preloading 0 native plugins for Editor in 0.00 ms.
Mono: successfully reloaded assembly
- Completed reload, in  2.095 seconds
Platform modules already initialized, skipping
Shader 'Universal Render Pipeline/Particles/Lit': fallback shader 'Universal Render Pipeline/Particles/SimpleLit' not found
Refreshing native plugins compatible for Editor in 0.88 ms, found 2 plugins.
Preloading 0 native plugins for Editor in 0.00 ms.
Unloading 2587 Unused Serialized files (Serialized files now loaded: 0)
System memory in use before: 116.2 MB.
System memory in use after: 116.5 MB.

Unloading 14 unused Assets to reduce memory usage. Loaded Objects now: 3184.
Total: 5.297179 ms (FindLiveObjects: 0.360999 ms CreateObjectMapping: 0.145917 ms MarkObjects: 4.734039 ms  DeleteObjects: 0.053547 ms)

========================================================================
Received Import Request.
  Time since last request: 135.068766 seconds.
  path: Assets/Scripts/GameManager.cs
  artifactKey: Guid(2674afd7edb7bd6459e1387fbb1a94d8) Importer(815301076,1909f56bfc062723c751e8b465ee728b)
Start importing Assets/Scripts/GameManager.cs using Guid(2674afd7edb7bd6459e1387fbb1a94d8) Importer(815301076,1909f56bfc062723c751e8b465ee728b)  -> (artifact id: 'ec4b7eb58fa591f2e96821a03b8f943c') in 0.011353 seconds
  Import took 0.059904 seconds .

========================================================================
Received Import Request.
  Time since last request: 4.140451 seconds.
  path: Assets/Scripts/GameManager.cs
  artifactKey: Guid(2674afd7edb7bd6459e1387fbb1a94d8) Importer(815301076,1909f56bfc062723c751e8b465ee728b)
Start importing Assets/Scripts/GameManager.cs using Guid(2674afd7edb7bd6459e1387fbb1a94d8) Importer(815301076,1909f56bfc062723c751e8b465ee728b)  -> (artifact id: 'ec4b7eb58fa591f2e96821a03b8f943c') in 0.014299 seconds
  Import took 0.028705 seconds .

========================================================================
Received Prepare
Registering precompiled user dll's ...
Registered in 0.005269 seconds.
Begin MonoManager ReloadAssembly
Native extension for WindowsStandalone target not found
Native extension for WebGL target not found
Refreshing native plugins compatible for Editor in 0.87 ms, found 2 plugins.
Preloading 0 native plugins for Editor in 0.00 ms.
Mono: successfully reloaded assembly
- Completed reload, in  2.459 seconds
Platform modules already initialized, skipping
Shader 'Universal Render Pipeline/Particles/Lit': fallback shader 'Universal Render Pipeline/Particles/SimpleLit' not found
Refreshing native plugins compatible for Editor in 0.88 ms, found 2 plugins.
Preloading 0 native plugins for Editor in 0.00 ms.
Unloading 2587 Unused Serialized files (Serialized files now loaded: 0)
System memory in use before: 116.3 MB.
System memory in use after: 116.5 MB.

Unloading 14 unused Assets to reduce memory usage. Loaded Objects now: 3187.
Total: 3.889774 ms (FindLiveObjects: 0.314145 ms CreateObjectMapping: 0.128960 ms MarkObjects: 3.406955 ms  DeleteObjects: 0.037929 ms)

========================================================================
Received Import Request.
  Time since last request: 122.522368 seconds.
  path: Assets/Scripts/GameManager.cs
  artifactKey: Guid(2674afd7edb7bd6459e1387fbb1a94d8) Importer(815301076,1909f56bfc062723c751e8b465ee728b)
Start importing Assets/Scripts/GameManager.cs using Guid(2674afd7edb7bd6459e1387fbb1a94d8) Importer(815301076,1909f56bfc062723c751e8b465ee728b)  -> (artifact id: '4135c67bf43cbfb8d5e06849cad9ad27') in 0.014153 seconds
  Import took 0.046276 seconds .

========================================================================
Received Prepare
Registering precompiled user dll's ...
Registered in 0.006524 seconds.
Begin MonoManager ReloadAssembly
Native extension for WindowsStandalone target not found
Native extension for WebGL target not found
Refreshing native plugins compatible for Editor in 0.97 ms, found 2 plugins.
Preloading 0 native plugins for Editor in 0.00 ms.
Mono: successfully reloaded assembly
- Completed reload, in  2.232 seconds
Platform modules already initialized, skipping
Shader 'Universal Render Pipeline/Particles/Lit': fallback shader 'Universal Render Pipeline/Particles/SimpleLit' not found
Refreshing native plugins compatible for Editor in 1.99 ms, found 2 plugins.
Preloading 0 native plugins for Editor in 0.00 ms.
Unloading 2587 Unused Serialized files (Serialized files now loaded: 0)
System memory in use before: 116.3 MB.
System memory in use after: 116.5 MB.

Unloading 14 unused Assets to reduce memory usage. Loaded Objects now: 3190.
Total: 4.835779 ms (FindLiveObjects: 0.886210 ms CreateObjectMapping: 0.213743 ms MarkObjects: 3.688079 ms  DeleteObjects: 0.043284 ms)

AssetImportWorkerClient::OnTransportError - code=2 error=End of file
